Started GET "/" for 127.0.0.1 at 2020-07-22 13:44:52 +0800
DEPRECATION WARNING: ActiveRecord::Base.raise_in_transactional_callbacks= is deprecated, has no effect and will be removed without replacement. (called from block (3 levels) in <class:Railtie> at /Users/Xinyi/.rbenv/versions/2.5.1/lib/ruby/gems/2.5.0/gems/activerecord-5.0.7.2/lib/active_record/railtie.rb:113)
Processing by StaticPagesController#index as HTML
  Rendering static_pages/index.html.erb within layouts/application
  Rendered shared/_main_nav.html.erb (0.4ms)
  Rendered shared/_masthead.html.erb (0.3ms)
  Rendered shared/_sections_nav.html.erb (0.5ms)
  Rendered shared/_search_modal.html.erb (0.4ms)
  Rendered shared/_main_content.html.erb (0.3ms)
  Rendered static_pages/index.html.erb within layouts/application (18.9ms)
Completed 200 OK in 483ms (Views: 481.0ms | ActiveRecord: 0.0ms)


Started GET "/assets/application.self-a3b73558216b1104bcdeab9eaa017f0b83f505d449cca41b9afbfae95880f180.css?body=1" for 127.0.0.1 at 2020-07-22 13:44:55 +0800
Started GET "/" for ::1 at 2020-07-22 13:46:08 +0800
Processing by StaticPagesController#index as HTML
  Rendering static_pages/index.html.erb within layouts/application
  Rendered shared/_main_nav.html.erb (0.4ms)
  Rendered shared/_masthead.html.erb (0.5ms)
  Rendered shared/_sections_nav.html.erb (0.2ms)
  Rendered shared/_search_modal.html.erb (0.3ms)
  Rendered shared/_main_content.html.erb (0.2ms)
  Rendered static_pages/index.html.erb within layouts/application (17.0ms)
Completed 200 OK in 36ms (Views: 32.8ms | ActiveRecord: 0.0ms)


Started GET "/assets/application.self-a3b73558216b1104bcdeab9eaa017f0b83f505d449cca41b9afbfae95880f180.css?body=1" for ::1 at 2020-07-22 13:46:11 +0800
Started GET "/assets/jquery.self-bd7ddd393353a8d2480a622e80342adf488fb6006d667e8b42e4c0073393abee.js?body=1" for ::1 at 2020-07-22 13:46:11 +0800
Started GET "/assets/jquery_ujs.self-784a997f6726036b1993eb2217c9cb558e1cbb801c6da88105588c56f13b466a.js?body=1" for ::1 at 2020-07-22 13:46:11 +0800
Started GET "/assets/components/modal.self-52188644dbb47def5ee35ae02e69eb567ca9b664472357a8a5789dd39032a265.js?body=1" for ::1 at 2020-07-22 13:46:11 +0800
Started GET "/assets/components/sidebar.self-2a1277f850a6fa21e1a974ef5152f177ac05516477d5081d593bb137b3d6808b.js?body=1" for ::1 at 2020-07-22 13:46:11 +0800
Started GET "/assets/components/dropdown.self-815016af6fab1d5b72abd319213bf62f0c42bab2c585d2e059543ae704a0d74c.js?body=1" for ::1 at 2020-07-22 13:46:11 +0800
Started GET "/assets/application.self-f571b9db02bf4ed04c38a6a29072ac382f7d4f47db1fab9817aeadb0d8665235.js?body=1" for ::1 at 2020-07-22 13:46:11 +0800
Started GET "/assets/application.self-a3b73558216b1104bcdeab9eaa017f0b83f505d449cca41b9afbfae95880f180.css?body=1&livereload=1595397623127" for ::1 at 2020-07-22 14:00:23 +0800
Started GET "/assets/application.self-a3b73558216b1104bcdeab9eaa017f0b83f505d449cca41b9afbfae95880f180.css?body=1&livereload=1595397623128" for ::1 at 2020-07-22 14:00:23 +0800
Started GET "/assets/application.self-a3b73558216b1104bcdeab9eaa017f0b83f505d449cca41b9afbfae95880f180.css?body=1&livereload=1595397627895" for ::1 at 2020-07-22 14:00:27 +0800
Started GET "/assets/application.self-a3b73558216b1104bcdeab9eaa017f0b83f505d449cca41b9afbfae95880f180.css?body=1&livereload=1595397627897" for ::1 at 2020-07-22 14:00:27 +0800
Started GET "/assets/application.self-a3b73558216b1104bcdeab9eaa017f0b83f505d449cca41b9afbfae95880f180.css?body=1&livereload=1595397647242" for ::1 at 2020-07-22 14:00:47 +0800
Started GET "/assets/application.self-a3b73558216b1104bcdeab9eaa017f0b83f505d449cca41b9afbfae95880f180.css?body=1&livereload=1595397647244" for ::1 at 2020-07-22 14:00:47 +0800
Started GET "/" for ::1 at 2020-07-22 14:00:49 +0800
Processing by StaticPagesController#index as HTML
  Rendering static_pages/index.html.erb within layouts/application
  Rendered shared/_main_nav.html.erb (0.3ms)
  Rendered shared/_masthead.html.erb (0.3ms)
  Rendered shared/_sections_nav.html.erb (0.3ms)
  Rendered shared/_search_modal.html.erb (0.2ms)
  Rendered shared/_main_content.html.erb (0.2ms)
  Rendered static_pages/index.html.erb within layouts/application (15.1ms)
Completed 500 Internal Server Error in 44ms (ActiveRecord: 0.0ms)


DEPRECATION WARNING: #original_exception is deprecated. Use #cause instead. (called from initialize at /Users/Xinyi/.rbenv/versions/2.5.1/lib/ruby/gems/2.5.0/gems/better_errors-2.7.1/lib/better_errors/raised_exception.rb:7)
DEPRECATION WARNING: #original_exception is deprecated. Use #cause instead. (called from initialize at /Users/Xinyi/.rbenv/versions/2.5.1/lib/ruby/gems/2.5.0/gems/better_errors-2.7.1/lib/better_errors/raised_exception.rb:9)

Sass::SyntaxError - Invalid CSS after "  list-style:": expected expression (e.g. 1px, bold), was "}":
  app/views/layouts/application.html.erb:7:in `_app_views_layouts_application_html_erb__3659939419627256134_70316082024360'

Started POST "/__better_errors/157b80d3f465db4c/variables" for ::1 at 2020-07-22 14:00:49 +0800
Started GET "/" for ::1 at 2020-07-22 14:01:05 +0800
Processing by StaticPagesController#index as HTML
  Rendering static_pages/index.html.erb within layouts/application
  Rendered shared/_main_nav.html.erb (0.3ms)
  Rendered shared/_masthead.html.erb (0.4ms)
  Rendered shared/_sections_nav.html.erb (0.2ms)
  Rendered shared/_search_modal.html.erb (0.2ms)
  Rendered shared/_main_content.html.erb (0.3ms)
  Rendered static_pages/index.html.erb within layouts/application (14.6ms)
Completed 200 OK in 79ms (Views: 77.0ms | ActiveRecord: 0.0ms)


Started GET "/assets/application.self-2fbdc1732cf7be2a614bdc5ea0320f3125672500e8c58e19d065c788766700fe.css?body=1" for ::1 at 2020-07-22 14:01:05 +0800
Started GET "/assets/application.self-2fbdc1732cf7be2a614bdc5ea0320f3125672500e8c58e19d065c788766700fe.css?body=1&livereload=1595397680507" for ::1 at 2020-07-22 14:01:20 +0800
Started GET "/assets/application.self-2fbdc1732cf7be2a614bdc5ea0320f3125672500e8c58e19d065c788766700fe.css?body=1&livereload=1595397680509" for ::1 at 2020-07-22 14:01:20 +0800
Started GET "/" for ::1 at 2020-07-22 14:01:22 +0800
Processing by StaticPagesController#index as HTML
  Rendering static_pages/index.html.erb within layouts/application
  Rendered shared/_main_nav.html.erb (0.2ms)
  Rendered shared/_masthead.html.erb (0.2ms)
  Rendered shared/_sections_nav.html.erb (0.3ms)
  Rendered shared/_search_modal.html.erb (0.2ms)
  Rendered shared/_main_content.html.erb (0.3ms)
  Rendered static_pages/index.html.erb within layouts/application (11.5ms)
Completed 200 OK in 44ms (Views: 40.8ms | ActiveRecord: 0.0ms)


Started GET "/assets/application.self-e41b240fe0ff177a9bebd5eef7ca02351e07bc231790162d2161d5a189b123c9.css?body=1" for ::1 at 2020-07-22 14:01:22 +0800
Started GET "/assets/application.self-e41b240fe0ff177a9bebd5eef7ca02351e07bc231790162d2161d5a189b123c9.css?body=1&livereload=1595397739349" for ::1 at 2020-07-22 14:02:19 +0800
Started GET "/assets/application.self-e41b240fe0ff177a9bebd5eef7ca02351e07bc231790162d2161d5a189b123c9.css?body=1&livereload=1595397739350" for ::1 at 2020-07-22 14:02:19 +0800
Started GET "/assets/application.self-e41b240fe0ff177a9bebd5eef7ca02351e07bc231790162d2161d5a189b123c9.css?body=1&livereload=1595397848634" for ::1 at 2020-07-22 14:04:08 +0800
Started GET "/assets/application.self-e41b240fe0ff177a9bebd5eef7ca02351e07bc231790162d2161d5a189b123c9.css?body=1&livereload=1595397848632" for ::1 at 2020-07-22 14:04:08 +0800
Started GET "/" for 127.0.0.1 at 2020-07-22 14:06:51 +0800
Processing by StaticPagesController#index as HTML
  Rendering static_pages/index.html.erb within layouts/application
  Rendered shared/_main_nav.html.erb (0.3ms)
  Rendered shared/_masthead.html.erb (0.4ms)
  Rendered shared/_sections_nav.html.erb (0.4ms)
  Rendered shared/_search_modal.html.erb (0.2ms)
  Rendered shared/_main_content.html.erb (0.3ms)
  Rendered static_pages/index.html.erb within layouts/application (14.3ms)
Completed 200 OK in 44ms (Views: 41.9ms | ActiveRecord: 0.0ms)


Started GET "/assets/application.self-fafc3ece680852138eab4d867fdb8e53ef341635fc294706e698e261a8800cbf.css?body=1" for 127.0.0.1 at 2020-07-22 14:06:53 +0800
Started GET "/assets/application.self-e41b240fe0ff177a9bebd5eef7ca02351e07bc231790162d2161d5a189b123c9.css?body=1&livereload=1595398063888" for ::1 at 2020-07-22 14:07:43 +0800
Started GET "/assets/application.self-e41b240fe0ff177a9bebd5eef7ca02351e07bc231790162d2161d5a189b123c9.css?body=1&livereload=1595398063890" for ::1 at 2020-07-22 14:07:43 +0800
Started GET "/assets/application.self-e41b240fe0ff177a9bebd5eef7ca02351e07bc231790162d2161d5a189b123c9.css?body=1&livereload=1595398129755" for ::1 at 2020-07-22 14:08:49 +0800
Started GET "/assets/application.self-e41b240fe0ff177a9bebd5eef7ca02351e07bc231790162d2161d5a189b123c9.css?body=1&livereload=1595398129756" for ::1 at 2020-07-22 14:08:49 +0800
Started GET "/" for ::1 at 2020-07-22 14:09:28 +0800
Processing by StaticPagesController#index as HTML
  Rendering static_pages/index.html.erb within layouts/application
  Rendered shared/_main_nav.html.erb (0.3ms)
  Rendered shared/_masthead.html.erb (0.4ms)
  Rendered shared/_sections_nav.html.erb (0.2ms)
  Rendered shared/_search_modal.html.erb (0.2ms)
  Rendered shared/_main_content.html.erb (0.2ms)
  Rendered static_pages/index.html.erb within layouts/application (13.5ms)
Completed 200 OK in 35ms (Views: 33.1ms | ActiveRecord: 0.0ms)


Started GET "/assets/application.self-a0344cc48d5c314cabe1e3bc207223126a8076ed8cbd24c39b015b2ba0c7c5f2.css?body=1" for ::1 at 2020-07-22 14:09:28 +0800
Started GET "/assets/application.self-a0344cc48d5c314cabe1e3bc207223126a8076ed8cbd24c39b015b2ba0c7c5f2.css?body=1&livereload=1595398767228" for ::1 at 2020-07-22 14:19:27 +0800
Started GET "/assets/application.self-a0344cc48d5c314cabe1e3bc207223126a8076ed8cbd24c39b015b2ba0c7c5f2.css?body=1&livereload=1595398767230" for ::1 at 2020-07-22 14:19:27 +0800
Started GET "/assets/application.self-a0344cc48d5c314cabe1e3bc207223126a8076ed8cbd24c39b015b2ba0c7c5f2.css?body=1&livereload=1595398947890" for ::1 at 2020-07-22 14:22:27 +0800
Started GET "/assets/application.self-a0344cc48d5c314cabe1e3bc207223126a8076ed8cbd24c39b015b2ba0c7c5f2.css?body=1&livereload=1595398947891" for ::1 at 2020-07-22 14:22:27 +0800
Started GET "/assets/application.self-a0344cc48d5c314cabe1e3bc207223126a8076ed8cbd24c39b015b2ba0c7c5f2.css?body=1&livereload=1595398959126" for ::1 at 2020-07-22 14:22:39 +0800
Started GET "/assets/application.self-a0344cc48d5c314cabe1e3bc207223126a8076ed8cbd24c39b015b2ba0c7c5f2.css?body=1&livereload=1595398959128" for ::1 at 2020-07-22 14:22:39 +0800
Started GET "/assets/application.self-a0344cc48d5c314cabe1e3bc207223126a8076ed8cbd24c39b015b2ba0c7c5f2.css?body=1&livereload=1595398971715" for ::1 at 2020-07-22 14:22:51 +0800
Started GET "/assets/application.self-a0344cc48d5c314cabe1e3bc207223126a8076ed8cbd24c39b015b2ba0c7c5f2.css?body=1&livereload=1595398971716" for ::1 at 2020-07-22 14:22:51 +0800
Started GET "/assets/application.self-a0344cc48d5c314cabe1e3bc207223126a8076ed8cbd24c39b015b2ba0c7c5f2.css?body=1&livereload=1595398977695" for ::1 at 2020-07-22 14:22:57 +0800
Started GET "/assets/application.self-a0344cc48d5c314cabe1e3bc207223126a8076ed8cbd24c39b015b2ba0c7c5f2.css?body=1&livereload=1595398977696" for ::1 at 2020-07-22 14:22:57 +0800
Started GET "/" for ::1 at 2020-07-22 14:23:00 +0800
Processing by StaticPagesController#index as HTML
  Rendering static_pages/index.html.erb within layouts/application
  Rendered shared/_main_nav.html.erb (0.3ms)
  Rendered shared/_masthead.html.erb (0.3ms)
  Rendered shared/_sections_nav.html.erb (0.2ms)
  Rendered shared/_search_modal.html.erb (0.3ms)
  Rendered shared/_main_content.html.erb (0.3ms)
  Rendered static_pages/index.html.erb within layouts/application (13.9ms)
Completed 200 OK in 40ms (Views: 38.0ms | ActiveRecord: 0.0ms)


Started GET "/assets/application.self-e6a76945d1e6dc93448c25d3bfc59d530aa3d3c92c7199887a20d367bc41f375.css?body=1" for ::1 at 2020-07-22 14:23:00 +0800
Started GET "/assets/application.self-e6a76945d1e6dc93448c25d3bfc59d530aa3d3c92c7199887a20d367bc41f375.css?body=1&livereload=1595398985158" for ::1 at 2020-07-22 14:23:05 +0800
Started GET "/assets/application.self-e6a76945d1e6dc93448c25d3bfc59d530aa3d3c92c7199887a20d367bc41f375.css?body=1&livereload=1595398985159" for ::1 at 2020-07-22 14:23:05 +0800
Started GET "/" for ::1 at 2020-07-22 14:23:06 +0800
Processing by StaticPagesController#index as HTML
  Rendering static_pages/index.html.erb within layouts/application
  Rendered shared/_main_nav.html.erb (0.9ms)
  Rendered shared/_masthead.html.erb (0.3ms)
  Rendered shared/_sections_nav.html.erb (0.2ms)
  Rendered shared/_search_modal.html.erb (0.3ms)
  Rendered shared/_main_content.html.erb (0.2ms)
  Rendered static_pages/index.html.erb within layouts/application (14.7ms)
Completed 200 OK in 35ms (Views: 33.0ms | ActiveRecord: 0.0ms)


Started GET "/assets/application.self-4c03a79bb4d4a67aab324e0aea2085b3941dee082fa2d2b7f1313673ce2d1fd3.css?body=1" for ::1 at 2020-07-22 14:23:07 +0800
Started GET "/assets/application.self-4c03a79bb4d4a67aab324e0aea2085b3941dee082fa2d2b7f1313673ce2d1fd3.css?body=1&livereload=1595398993800" for ::1 at 2020-07-22 14:23:13 +0800
Started GET "/assets/application.self-4c03a79bb4d4a67aab324e0aea2085b3941dee082fa2d2b7f1313673ce2d1fd3.css?body=1&livereload=1595398993802" for ::1 at 2020-07-22 14:23:13 +0800
Started GET "/" for ::1 at 2020-07-22 14:23:16 +0800
Processing by StaticPagesController#index as HTML
  Rendering static_pages/index.html.erb within layouts/application
  Rendered shared/_main_nav.html.erb (0.2ms)
  Rendered shared/_masthead.html.erb (0.2ms)
  Rendered shared/_sections_nav.html.erb (0.4ms)
  Rendered shared/_search_modal.html.erb (0.2ms)
  Rendered shared/_main_content.html.erb (0.2ms)
  Rendered static_pages/index.html.erb within layouts/application (12.0ms)
Completed 200 OK in 36ms (Views: 33.0ms | ActiveRecord: 0.0ms)


Started GET "/assets/application.self-e11f59dd9f0083417e657c20504a9f98b81dd105c2da7c6980bc1338b51c7899.css?body=1" for ::1 at 2020-07-22 14:23:16 +0800
Started GET "/assets/application.self-e11f59dd9f0083417e657c20504a9f98b81dd105c2da7c6980bc1338b51c7899.css?body=1&livereload=1595399000227" for ::1 at 2020-07-22 14:23:20 +0800
Started GET "/assets/application.self-e11f59dd9f0083417e657c20504a9f98b81dd105c2da7c6980bc1338b51c7899.css?body=1&livereload=1595399000229" for ::1 at 2020-07-22 14:23:20 +0800
Started GET "/" for ::1 at 2020-07-22 14:23:21 +0800
Processing by StaticPagesController#index as HTML
  Rendering static_pages/index.html.erb within layouts/application
  Rendered shared/_main_nav.html.erb (0.3ms)
  Rendered shared/_masthead.html.erb (0.2ms)
  Rendered shared/_sections_nav.html.erb (0.5ms)
  Rendered shared/_search_modal.html.erb (0.3ms)
  Rendered shared/_main_content.html.erb (0.2ms)
  Rendered static_pages/index.html.erb within layouts/application (12.5ms)
Completed 200 OK in 36ms (Views: 33.9ms | ActiveRecord: 0.0ms)


Started GET "/assets/application.self-0224447fd75dce9b52d729ee2a9ae5d8bfa50963dc09f69fcf4d80a1a7eb57a0.css?body=1" for ::1 at 2020-07-22 14:23:21 +0800
Started GET "/assets/application.self-0224447fd75dce9b52d729ee2a9ae5d8bfa50963dc09f69fcf4d80a1a7eb57a0.css?body=1&livereload=1595399017287" for ::1 at 2020-07-22 14:23:37 +0800
Started GET "/assets/application.self-0224447fd75dce9b52d729ee2a9ae5d8bfa50963dc09f69fcf4d80a1a7eb57a0.css?body=1&livereload=1595399017289" for ::1 at 2020-07-22 14:23:37 +0800
Started GET "/assets/application.self-0224447fd75dce9b52d729ee2a9ae5d8bfa50963dc09f69fcf4d80a1a7eb57a0.css?body=1&livereload=1595399021768" for ::1 at 2020-07-22 14:23:41 +0800
Started GET "/assets/application.self-0224447fd75dce9b52d729ee2a9ae5d8bfa50963dc09f69fcf4d80a1a7eb57a0.css?body=1&livereload=1595399021769" for ::1 at 2020-07-22 14:23:41 +0800
Started GET "/assets/application.self-0224447fd75dce9b52d729ee2a9ae5d8bfa50963dc09f69fcf4d80a1a7eb57a0.css?body=1&livereload=1595399024481" for ::1 at 2020-07-22 14:23:44 +0800
Started GET "/assets/application.self-0224447fd75dce9b52d729ee2a9ae5d8bfa50963dc09f69fcf4d80a1a7eb57a0.css?body=1&livereload=1595399024482" for ::1 at 2020-07-22 14:23:44 +0800
Started GET "/assets/application.self-0224447fd75dce9b52d729ee2a9ae5d8bfa50963dc09f69fcf4d80a1a7eb57a0.css?body=1&livereload=1595399030279" for ::1 at 2020-07-22 14:23:50 +0800
Started GET "/assets/application.self-0224447fd75dce9b52d729ee2a9ae5d8bfa50963dc09f69fcf4d80a1a7eb57a0.css?body=1&livereload=1595399030280" for ::1 at 2020-07-22 14:23:50 +0800
Started GET "/" for ::1 at 2020-07-22 14:23:51 +0800
Processing by StaticPagesController#index as HTML
  Rendering static_pages/index.html.erb within layouts/application
  Rendered shared/_main_nav.html.erb (0.3ms)
  Rendered shared/_masthead.html.erb (0.4ms)
  Rendered shared/_sections_nav.html.erb (0.3ms)
  Rendered shared/_search_modal.html.erb (0.2ms)
  Rendered shared/_main_content.html.erb (0.3ms)
  Rendered static_pages/index.html.erb within layouts/application (14.8ms)
Completed 200 OK in 37ms (Views: 34.6ms | ActiveRecord: 0.0ms)


Started GET "/assets/application.self-c898dc6d3d2f13f24bfde27f5343175313d0cf7072a9c33d80af90cf07025d8b.css?body=1" for ::1 at 2020-07-22 14:23:51 +0800
Started GET "/assets/application.self-c898dc6d3d2f13f24bfde27f5343175313d0cf7072a9c33d80af90cf07025d8b.css?body=1&livereload=1595399038588" for ::1 at 2020-07-22 14:23:58 +0800
Started GET "/assets/application.self-c898dc6d3d2f13f24bfde27f5343175313d0cf7072a9c33d80af90cf07025d8b.css?body=1&livereload=1595399038589" for ::1 at 2020-07-22 14:23:58 +0800
Started GET "/assets/application.self-c898dc6d3d2f13f24bfde27f5343175313d0cf7072a9c33d80af90cf07025d8b.css?body=1&livereload=1595399051283" for ::1 at 2020-07-22 14:24:11 +0800
Started GET "/assets/application.self-c898dc6d3d2f13f24bfde27f5343175313d0cf7072a9c33d80af90cf07025d8b.css?body=1&livereload=1595399051284" for ::1 at 2020-07-22 14:24:11 +0800
Started GET "/" for ::1 at 2020-07-22 14:24:31 +0800
Processing by StaticPagesController#index as HTML
  Rendering static_pages/index.html.erb within layouts/application
  Rendered shared/_main_nav.html.erb (0.4ms)
  Rendered shared/_masthead.html.erb (0.3ms)
  Rendered shared/_sections_nav.html.erb (0.3ms)
  Rendered shared/_search_modal.html.erb (0.4ms)
  Rendered shared/_main_content.html.erb (0.3ms)
  Rendered static_pages/index.html.erb within layouts/application (13.9ms)
Completed 200 OK in 35ms (Views: 33.4ms | ActiveRecord: 0.0ms)


Started GET "/assets/application.self-c898dc6d3d2f13f24bfde27f5343175313d0cf7072a9c33d80af90cf07025d8b.css?body=1&livereload=1595399082574" for ::1 at 2020-07-22 14:24:42 +0800
Started GET "/assets/application.self-c898dc6d3d2f13f24bfde27f5343175313d0cf7072a9c33d80af90cf07025d8b.css?body=1&livereload=1595399082576" for ::1 at 2020-07-22 14:24:42 +0800
Started GET "/" for 127.0.0.1 at 2020-07-22 14:24:51 +0800
Processing by StaticPagesController#index as HTML
  Rendering static_pages/index.html.erb within layouts/application
  Rendered shared/_main_nav.html.erb (0.3ms)
  Rendered shared/_masthead.html.erb (0.4ms)
  Rendered shared/_sections_nav.html.erb (0.2ms)
  Rendered shared/_search_modal.html.erb (0.7ms)
  Rendered shared/_main_content.html.erb (0.3ms)
  Rendered static_pages/index.html.erb within layouts/application (18.2ms)
Completed 200 OK in 53ms (Views: 50.1ms | ActiveRecord: 0.0ms)


Started GET "/" for 127.0.0.1 at 2020-07-22 14:24:55 +0800
Processing by StaticPagesController#index as HTML
  Rendering static_pages/index.html.erb within layouts/application
  Rendered shared/_main_nav.html.erb (0.3ms)
  Rendered shared/_masthead.html.erb (0.2ms)
  Rendered shared/_sections_nav.html.erb (0.7ms)
  Rendered shared/_search_modal.html.erb (0.3ms)
  Rendered shared/_main_content.html.erb (0.2ms)
  Rendered static_pages/index.html.erb within layouts/application (16.2ms)
Completed 200 OK in 35ms (Views: 32.9ms | ActiveRecord: 0.0ms)


Started GET "/assets/application.self-e97849a6a83beac784541d2642444846e1b5b292874a6c0f6a61b34b1d206003.css?body=1" for 127.0.0.1 at 2020-07-22 14:24:56 +0800
Started GET "/assets/application.self-e97849a6a83beac784541d2642444846e1b5b292874a6c0f6a61b34b1d206003.css?body=1" for 127.0.0.1 at 2020-07-22 14:24:58 +0800
Started GET "/assets/application.self-c898dc6d3d2f13f24bfde27f5343175313d0cf7072a9c33d80af90cf07025d8b.css?body=1&livereload=1595399108493" for ::1 at 2020-07-22 14:25:08 +0800
Started GET "/assets/application.self-c898dc6d3d2f13f24bfde27f5343175313d0cf7072a9c33d80af90cf07025d8b.css?body=1&livereload=1595399108494" for ::1 at 2020-07-22 14:25:08 +0800
Started GET "/" for 127.0.0.1 at 2020-07-22 14:25:11 +0800
Processing by StaticPagesController#index as HTML
  Rendering static_pages/index.html.erb within layouts/application
  Rendered shared/_main_nav.html.erb (0.3ms)
  Rendered shared/_masthead.html.erb (0.2ms)
  Rendered shared/_sections_nav.html.erb (0.2ms)
  Rendered shared/_search_modal.html.erb (0.9ms)
  Rendered shared/_main_content.html.erb (0.3ms)
  Rendered static_pages/index.html.erb within layouts/application (17.1ms)
Completed 200 OK in 41ms (Views: 38.5ms | ActiveRecord: 0.0ms)


Started GET "/assets/application.self-c898dc6d3d2f13f24bfde27f5343175313d0cf7072a9c33d80af90cf07025d8b.css?body=1" for 127.0.0.1 at 2020-07-22 14:25:13 +0800
Started GET "/" for 127.0.0.1 at 2020-07-22 14:25:18 +0800
Processing by StaticPagesController#index as HTML
  Rendering static_pages/index.html.erb within layouts/application
  Rendered shared/_main_nav.html.erb (0.4ms)
  Rendered shared/_masthead.html.erb (0.4ms)
  Rendered shared/_sections_nav.html.erb (0.2ms)
  Rendered shared/_search_modal.html.erb (0.3ms)
  Rendered shared/_main_content.html.erb (0.3ms)
  Rendered static_pages/index.html.erb within layouts/application (14.4ms)
Completed 200 OK in 31ms (Views: 28.4ms | ActiveRecord: 0.0ms)


Started GET "/assets/application.self-c898dc6d3d2f13f24bfde27f5343175313d0cf7072a9c33d80af90cf07025d8b.css?body=1" for 127.0.0.1 at 2020-07-22 14:25:21 +0800
Started GET "/assets/application.self-c898dc6d3d2f13f24bfde27f5343175313d0cf7072a9c33d80af90cf07025d8b.css?body=1&livereload=1595399127807" for ::1 at 2020-07-22 14:25:27 +0800
Started GET "/assets/application.self-c898dc6d3d2f13f24bfde27f5343175313d0cf7072a9c33d80af90cf07025d8b.css?body=1&livereload=1595399127809" for ::1 at 2020-07-22 14:25:27 +0800
Started GET "/" for ::1 at 2020-07-22 14:25:28 +0800
Processing by StaticPagesController#index as HTML
  Rendering static_pages/index.html.erb within layouts/application
  Rendered shared/_main_nav.html.erb (0.3ms)
  Rendered shared/_masthead.html.erb (0.4ms)
  Rendered shared/_sections_nav.html.erb (0.2ms)
  Rendered shared/_search_modal.html.erb (0.2ms)
  Rendered shared/_main_content.html.erb (0.3ms)
  Rendered static_pages/index.html.erb within layouts/application (13.1ms)
Completed 200 OK in 38ms (Views: 35.7ms | ActiveRecord: 0.0ms)


Started GET "/assets/application.self-8a3eebd6d2ec3726fc37d83798d492a8b0c8bd6cb9b76ab636437b82b18404d9.css?body=1" for ::1 at 2020-07-22 14:25:29 +0800
Started GET "/assets/application.self-8a3eebd6d2ec3726fc37d83798d492a8b0c8bd6cb9b76ab636437b82b18404d9.css?body=1&livereload=1595399134234" for ::1 at 2020-07-22 14:25:34 +0800
Started GET "/assets/application.self-8a3eebd6d2ec3726fc37d83798d492a8b0c8bd6cb9b76ab636437b82b18404d9.css?body=1&livereload=1595399134238" for ::1 at 2020-07-22 14:25:34 +0800
Started GET "/" for ::1 at 2020-07-22 14:25:35 +0800
Processing by StaticPagesController#index as HTML
  Rendering static_pages/index.html.erb within layouts/application
  Rendered shared/_main_nav.html.erb (0.3ms)
  Rendered shared/_masthead.html.erb (0.2ms)
  Rendered shared/_sections_nav.html.erb (0.3ms)
  Rendered shared/_search_modal.html.erb (0.2ms)
  Rendered shared/_main_content.html.erb (0.3ms)
  Rendered static_pages/index.html.erb within layouts/application (12.8ms)
Completed 200 OK in 34ms (Views: 32.2ms | ActiveRecord: 0.0ms)


Started GET "/assets/application.self-c4dba472fdbdf292d38a08e4f99c98dccae22b962e8c5a7ba9df30096b78f355.css?body=1" for ::1 at 2020-07-22 14:25:35 +0800
Started GET "/assets/application.self-c4dba472fdbdf292d38a08e4f99c98dccae22b962e8c5a7ba9df30096b78f355.css?body=1&livereload=1595399139460" for ::1 at 2020-07-22 14:25:39 +0800
Started GET "/assets/application.self-c4dba472fdbdf292d38a08e4f99c98dccae22b962e8c5a7ba9df30096b78f355.css?body=1&livereload=1595399139461" for ::1 at 2020-07-22 14:25:39 +0800
Started GET "/" for 127.0.0.1 at 2020-07-22 14:25:55 +0800
Processing by StaticPagesController#index as HTML
  Rendering static_pages/index.html.erb within layouts/application
  Rendered shared/_main_nav.html.erb (0.4ms)
  Rendered shared/_masthead.html.erb (0.2ms)
  Rendered shared/_sections_nav.html.erb (0.2ms)
  Rendered shared/_search_modal.html.erb (0.2ms)
  Rendered shared/_main_content.html.erb (0.3ms)
  Rendered static_pages/index.html.erb within layouts/application (12.7ms)
Completed 200 OK in 35ms (Views: 33.1ms | ActiveRecord: 0.0ms)


Started GET "/" for ::1 at 2020-07-22 14:26:29 +0800
Started GET "/" for ::1 at 2020-07-22 14:26:29 +0800
Processing by StaticPagesController#index as HTML
Processing by StaticPagesController#index as HTML
  Rendering static_pages/index.html.erb within layouts/application
  Rendering static_pages/index.html.erb within layouts/application
  Rendered shared/_main_nav.html.erb (0.5ms)
  Rendered shared/_main_nav.html.erb (0.0ms)
  Rendered shared/_masthead.html.erb (0.2ms)
  Rendered shared/_masthead.html.erb (0.0ms)
  Rendered shared/_sections_nav.html.erb (0.4ms)
  Rendered shared/_sections_nav.html.erb (0.0ms)
  Rendered shared/_search_modal.html.erb (0.5ms)
  Rendered shared/_search_modal.html.erb (0.0ms)
  Rendered shared/_main_content.html.erb (0.2ms)
  Rendered shared/_main_content.html.erb (0.0ms)
  Rendered static_pages/index.html.erb within layouts/application (21.7ms)
  Rendered static_pages/index.html.erb within layouts/application (25.6ms)
Completed 200 OK in 52ms (Views: 46.9ms | ActiveRecord: 0.0ms)


Completed 200 OK in 62ms (Views: 59.3ms | ActiveRecord: 0.0ms)


Started GET "/" for ::1 at 2020-07-22 14:34:33 +0800
Started GET "/" for ::1 at 2020-07-22 14:34:33 +0800
Processing by StaticPagesController#index as HTML
Processing by StaticPagesController#index as HTML
  Rendering static_pages/index.html.erb within layouts/application
  Rendering static_pages/index.html.erb within layouts/application
  Rendered shared/_main_nav.html.erb (0.4ms)
  Rendered shared/_main_nav.html.erb (0.1ms)
  Rendered shared/_masthead.html.erb (0.4ms)
  Rendered shared/_masthead.html.erb (0.0ms)
  Rendered shared/_sections_nav.html.erb (0.0ms)
  Rendered shared/_sections_nav.html.erb (0.4ms)
  Rendered shared/_search_modal.html.erb (0.4ms)
  Rendered shared/_search_modal.html.erb (0.0ms)
  Rendered shared/_main_content.html.erb (0.3ms)
  Rendered static_pages/index.html.erb within layouts/application (40.6ms)
  Rendered shared/_main_content.html.erb (0.0ms)
  Rendered static_pages/index.html.erb within layouts/application (31.7ms)
Completed 200 OK in 84ms (Views: 78.8ms | ActiveRecord: 0.0ms)


Completed 200 OK in 103ms (Views: 97.5ms | ActiveRecord: 0.0ms)


Started GET "/" for ::1 at 2020-07-22 14:34:40 +0800
Started GET "/" for ::1 at 2020-07-22 14:34:40 +0800
Processing by StaticPagesController#index as HTML
Processing by StaticPagesController#index as HTML
  Rendering static_pages/index.html.erb within layouts/application
  Rendering static_pages/index.html.erb within layouts/application
  Rendered shared/_main_nav.html.erb (0.5ms)
  Rendered shared/_main_nav.html.erb (0.1ms)
  Rendered shared/_masthead.html.erb (0.3ms)
  Rendered shared/_masthead.html.erb (0.0ms)
  Rendered shared/_sections_nav.html.erb (0.4ms)
  Rendered shared/_sections_nav.html.erb (0.1ms)
  Rendered shared/_search_modal.html.erb (0.3ms)
  Rendered shared/_search_modal.html.erb (0.0ms)
  Rendered shared/_main_content.html.erb (0.3ms)
  Rendered shared/_main_content.html.erb (0.0ms)
  Rendered static_pages/index.html.erb within layouts/application (43.2ms)
  Rendered static_pages/index.html.erb within layouts/application (47.1ms)
Completed 200 OK in 104ms (Views: 99.5ms | ActiveRecord: 0.0ms)


Completed 200 OK in 96ms (Views: 84.4ms | ActiveRecord: 0.0ms)


Started GET "/" for ::1 at 2020-07-22 14:34:42 +0800
Processing by StaticPagesController#index as HTML
  Rendering static_pages/index.html.erb within layouts/application
  Rendered shared/_main_nav.html.erb (0.3ms)
  Rendered shared/_masthead.html.erb (0.2ms)
  Rendered shared/_sections_nav.html.erb (0.4ms)
  Rendered shared/_search_modal.html.erb (0.3ms)
  Rendered shared/_main_content.html.erb (0.3ms)
  Rendered static_pages/index.html.erb within layouts/application (12.8ms)
Completed 200 OK in 33ms (Views: 30.3ms | ActiveRecord: 0.0ms)


Started GET "/assets/application.self-c898dc6d3d2f13f24bfde27f5343175313d0cf7072a9c33d80af90cf07025d8b.css?body=1&livereload=1595399700697" for ::1 at 2020-07-22 14:35:00 +0800
Started GET "/assets/application.self-c898dc6d3d2f13f24bfde27f5343175313d0cf7072a9c33d80af90cf07025d8b.css?body=1&livereload=1595399700700" for ::1 at 2020-07-22 14:35:00 +0800
Started GET "/" for ::1 at 2020-07-22 14:35:16 +0800
Started GET "/" for ::1 at 2020-07-22 14:35:16 +0800
Processing by StaticPagesController#index as HTML
  Rendering static_pages/index.html.erb within layouts/application
  Rendered shared/_main_nav.html.erb (0.3ms)
  Rendered shared/_masthead.html.erb (0.5ms)
  Rendered shared/_sections_nav.html.erb (0.4ms)
Processing by StaticPagesController#index as HTML
  Rendered shared/_search_modal.html.erb (0.6ms)
  Rendering static_pages/index.html.erb within layouts/application
  Rendered shared/_main_content.html.erb (0.4ms)
  Rendered static_pages/index.html.erb within layouts/application (35.5ms)
  Rendered shared/_main_nav.html.erb (0.0ms)
  Rendered shared/_masthead.html.erb (0.1ms)
  Rendered shared/_sections_nav.html.erb (0.1ms)
  Rendered shared/_search_modal.html.erb (0.1ms)
  Rendered shared/_main_content.html.erb (0.1ms)
  Rendered static_pages/index.html.erb within layouts/application (19.6ms)
Completed 200 OK in 82ms (Views: 78.8ms | ActiveRecord: 0.0ms)


Completed 200 OK in 115ms (Views: 109.4ms | ActiveRecord: 0.0ms)


Started GET "/assets/application.self-dc9ff90b14a2cc82c056d1843ba450b2c1440f35bc609e82a051ff5b9f463ce7.css?body=1" for ::1 at 2020-07-22 14:35:16 +0800
Started GET "/" for ::1 at 2020-07-22 14:35:25 +0800
Started GET "/" for ::1 at 2020-07-22 14:35:25 +0800
Processing by StaticPagesController#index as HTML
Processing by StaticPagesController#index as HTML
  Rendering static_pages/index.html.erb within layouts/application
  Rendering static_pages/index.html.erb within layouts/application
  Rendered shared/_main_nav.html.erb (0.5ms)
  Rendered shared/_main_nav.html.erb (0.0ms)
  Rendered shared/_masthead.html.erb (0.0ms)
  Rendered shared/_masthead.html.erb (0.2ms)
  Rendered shared/_sections_nav.html.erb (0.2ms)
  Rendered shared/_sections_nav.html.erb (0.0ms)
  Rendered shared/_search_modal.html.erb (0.4ms)
  Rendered shared/_search_modal.html.erb (0.0ms)
  Rendered shared/_main_content.html.erb (0.2ms)
  Rendered shared/_main_content.html.erb (0.0ms)
  Rendered static_pages/index.html.erb within layouts/application (22.8ms)
  Rendered static_pages/index.html.erb within layouts/application (26.2ms)
Completed 200 OK in 71ms (Views: 67.5ms | ActiveRecord: 0.0ms)


Completed 200 OK in 77ms (Views: 68.2ms | ActiveRecord: 0.0ms)


Started GET "/" for ::1 at 2020-07-22 14:35:27 +0800
Processing by StaticPagesController#index as HTML
  Rendering static_pages/index.html.erb within layouts/application
  Rendered shared/_main_nav.html.erb (0.6ms)
  Rendered shared/_masthead.html.erb (0.2ms)
  Rendered shared/_sections_nav.html.erb (0.2ms)
  Rendered shared/_search_modal.html.erb (0.3ms)
  Rendered shared/_main_content.html.erb (0.2ms)
  Rendered static_pages/index.html.erb within layouts/application (15.0ms)
Completed 200 OK in 36ms (Views: 34.0ms | ActiveRecord: 0.0ms)


Started GET "/" for 127.0.0.1 at 2020-07-22 14:35:33 +0800
Processing by StaticPagesController#index as HTML
  Rendering static_pages/index.html.erb within layouts/application
  Rendered shared/_main_nav.html.erb (0.4ms)
  Rendered shared/_masthead.html.erb (0.4ms)
  Rendered shared/_sections_nav.html.erb (0.3ms)
  Rendered shared/_search_modal.html.erb (0.3ms)
  Rendered shared/_main_content.html.erb (0.2ms)
  Rendered static_pages/index.html.erb within layouts/application (14.4ms)
Completed 200 OK in 38ms (Views: 35.3ms | ActiveRecord: 0.0ms)


Started GET "/assets/application.self-dc9ff90b14a2cc82c056d1843ba450b2c1440f35bc609e82a051ff5b9f463ce7.css?body=1" for 127.0.0.1 at 2020-07-22 14:35:36 +0800
Started GET "/assets/application.self-dc9ff90b14a2cc82c056d1843ba450b2c1440f35bc609e82a051ff5b9f463ce7.css?body=1&livereload=1595399746942" for ::1 at 2020-07-22 14:35:46 +0800
Started GET "/assets/application.self-dc9ff90b14a2cc82c056d1843ba450b2c1440f35bc609e82a051ff5b9f463ce7.css?body=1&livereload=1595399746944" for ::1 at 2020-07-22 14:35:46 +0800
Started GET "/" for ::1 at 2020-07-22 14:35:48 +0800
Processing by StaticPagesController#index as HTML
  Rendering static_pages/index.html.erb within layouts/application
  Rendered shared/_main_nav.html.erb (0.3ms)
  Rendered shared/_masthead.html.erb (0.3ms)
  Rendered shared/_sections_nav.html.erb (0.4ms)
  Rendered shared/_search_modal.html.erb (0.3ms)
  Rendered shared/_main_content.html.erb (0.4ms)
  Rendered static_pages/index.html.erb within layouts/application (13.2ms)
Completed 200 OK in 41ms (Views: 38.9ms | ActiveRecord: 0.0ms)


Started GET "/assets/application.self-d8f1fa2cc16e2d0487dd4a9c8f702a7db7b5f7dd3334fe5210fbf4fc33a5e19e.css?body=1" for ::1 at 2020-07-22 14:35:48 +0800
Started GET "/" for 127.0.0.1 at 2020-07-22 14:35:50 +0800
Processing by StaticPagesController#index as HTML
  Rendering static_pages/index.html.erb within layouts/application
  Rendered shared/_main_nav.html.erb (0.3ms)
  Rendered shared/_masthead.html.erb (0.3ms)
  Rendered shared/_sections_nav.html.erb (0.3ms)
  Rendered shared/_search_modal.html.erb (0.2ms)
  Rendered shared/_main_content.html.erb (0.3ms)
  Rendered static_pages/index.html.erb within layouts/application (13.1ms)
Completed 200 OK in 36ms (Views: 33.7ms | ActiveRecord: 0.0ms)


Started GET "/assets/application.self-d8f1fa2cc16e2d0487dd4a9c8f702a7db7b5f7dd3334fe5210fbf4fc33a5e19e.css?body=1" for 127.0.0.1 at 2020-07-22 14:35:51 +0800
Started GET "/assets/application.self-d8f1fa2cc16e2d0487dd4a9c8f702a7db7b5f7dd3334fe5210fbf4fc33a5e19e.css?body=1&livereload=1595399754162" for ::1 at 2020-07-22 14:35:54 +0800
Started GET "/assets/application.self-d8f1fa2cc16e2d0487dd4a9c8f702a7db7b5f7dd3334fe5210fbf4fc33a5e19e.css?body=1&livereload=1595399754164" for ::1 at 2020-07-22 14:35:54 +0800
Started GET "/assets/application.self-d8f1fa2cc16e2d0487dd4a9c8f702a7db7b5f7dd3334fe5210fbf4fc33a5e19e.css?body=1&livereload=1595399756506" for ::1 at 2020-07-22 14:35:56 +0800
Started GET "/assets/application.self-d8f1fa2cc16e2d0487dd4a9c8f702a7db7b5f7dd3334fe5210fbf4fc33a5e19e.css?body=1&livereload=1595399756507" for ::1 at 2020-07-22 14:35:56 +0800
Started GET "/" for 127.0.0.1 at 2020-07-22 14:35:57 +0800
Processing by StaticPagesController#index as HTML
  Rendering static_pages/index.html.erb within layouts/application
  Rendered shared/_main_nav.html.erb (0.5ms)
  Rendered shared/_masthead.html.erb (0.3ms)
  Rendered shared/_sections_nav.html.erb (0.2ms)
  Rendered shared/_search_modal.html.erb (0.2ms)
  Rendered shared/_main_content.html.erb (0.3ms)
  Rendered static_pages/index.html.erb within layouts/application (12.8ms)
Completed 200 OK in 36ms (Views: 32.7ms | ActiveRecord: 0.0ms)


Started GET "/" for ::1 at 2020-07-22 14:35:57 +0800
Processing by StaticPagesController#index as HTML
  Rendering static_pages/index.html.erb within layouts/application
  Rendered shared/_main_nav.html.erb (0.4ms)
  Rendered shared/_masthead.html.erb (0.4ms)
  Rendered shared/_sections_nav.html.erb (0.8ms)
  Rendered shared/_search_modal.html.erb (0.3ms)
  Rendered shared/_main_content.html.erb (0.2ms)
  Rendered static_pages/index.html.erb within layouts/application (18.9ms)
Completed 200 OK in 41ms (Views: 38.4ms | ActiveRecord: 0.0ms)


Started GET "/assets/application.self-2de85b1886edd5386c34807bb5971fbb68cef19b7c07e269533d8f8ac5266503.css?body=1" for ::1 at 2020-07-22 14:35:57 +0800
Started GET "/assets/application.self-2de85b1886edd5386c34807bb5971fbb68cef19b7c07e269533d8f8ac5266503.css?body=1" for 127.0.0.1 at 2020-07-22 14:35:58 +0800
Started GET "/assets/application.self-2de85b1886edd5386c34807bb5971fbb68cef19b7c07e269533d8f8ac5266503.css?body=1&livereload=1595399771741" for ::1 at 2020-07-22 14:36:11 +0800
Started GET "/assets/application.self-2de85b1886edd5386c34807bb5971fbb68cef19b7c07e269533d8f8ac5266503.css?body=1&livereload=1595399771745" for ::1 at 2020-07-22 14:36:11 +0800
Started GET "/" for 127.0.0.1 at 2020-07-22 14:36:20 +0800
Processing by StaticPagesController#index as HTML
  Rendering static_pages/index.html.erb within layouts/application
  Rendered shared/_main_nav.html.erb (0.3ms)
  Rendered shared/_masthead.html.erb (0.2ms)
  Rendered shared/_sections_nav.html.erb (0.3ms)
  Rendered shared/_search_modal.html.erb (0.2ms)
  Rendered shared/_main_content.html.erb (0.5ms)
  Rendered static_pages/index.html.erb within layouts/application (14.4ms)
Completed 200 OK in 40ms (Views: 38.2ms | ActiveRecord: 0.0ms)


Started GET "/assets/application.self-29782b5c6a26672c61f03bfa43f5041e220c6839664b0f10019e21bd6c3e73ef.css?body=1" for 127.0.0.1 at 2020-07-22 14:36:24 +0800
Started GET "/assets/application.self-2de85b1886edd5386c34807bb5971fbb68cef19b7c07e269533d8f8ac5266503.css?body=1&livereload=1595399795953" for ::1 at 2020-07-22 14:36:35 +0800
Started GET "/assets/application.self-2de85b1886edd5386c34807bb5971fbb68cef19b7c07e269533d8f8ac5266503.css?body=1&livereload=1595399795955" for ::1 at 2020-07-22 14:36:35 +0800
Started GET "/assets/application.self-2de85b1886edd5386c34807bb5971fbb68cef19b7c07e269533d8f8ac5266503.css?body=1&livereload=1595399815210" for ::1 at 2020-07-22 14:36:55 +0800
Started GET "/assets/application.self-2de85b1886edd5386c34807bb5971fbb68cef19b7c07e269533d8f8ac5266503.css?body=1&livereload=1595399815212" for ::1 at 2020-07-22 14:36:55 +0800
Started GET "/" for ::1 at 2020-07-22 14:36:56 +0800
Processing by StaticPagesController#index as HTML
  Rendering static_pages/index.html.erb within layouts/application
  Rendered shared/_main_nav.html.erb (0.3ms)
  Rendered shared/_masthead.html.erb (0.3ms)
  Rendered shared/_sections_nav.html.erb (0.2ms)
  Rendered shared/_search_modal.html.erb (0.2ms)
  Rendered shared/_main_content.html.erb (0.3ms)
  Rendered static_pages/index.html.erb within layouts/application (14.8ms)
Completed 200 OK in 39ms (Views: 36.2ms | ActiveRecord: 0.0ms)


Started GET "/assets/application.self-f0de0d6246a3c99540f661664942dffc6e9faed7361303ad3d5b3575ba45f8e4.css?body=1" for ::1 at 2020-07-22 14:36:56 +0800
Started GET "/assets/application.self-f0de0d6246a3c99540f661664942dffc6e9faed7361303ad3d5b3575ba45f8e4.css?body=1&livereload=1595399846319" for ::1 at 2020-07-22 14:37:26 +0800
Started GET "/assets/application.self-f0de0d6246a3c99540f661664942dffc6e9faed7361303ad3d5b3575ba45f8e4.css?body=1&livereload=1595399846321" for ::1 at 2020-07-22 14:37:26 +0800
Started GET "/" for ::1 at 2020-07-22 14:37:49 +0800
Started GET "/" for ::1 at 2020-07-22 14:37:49 +0800
Processing by StaticPagesController#index as HTML
Processing by StaticPagesController#index as HTML
  Rendering static_pages/index.html.erb within layouts/application
  Rendered shared/_main_nav.html.erb (0.4ms)
  Rendering static_pages/index.html.erb within layouts/application
  Rendered shared/_masthead.html.erb (0.7ms)
  Rendered shared/_main_nav.html.erb (0.0ms)
  Rendered shared/_sections_nav.html.erb (0.3ms)
  Rendered shared/_masthead.html.erb (0.1ms)
  Rendered shared/_search_modal.html.erb (0.5ms)
  Rendered shared/_sections_nav.html.erb (0.1ms)
  Rendered shared/_main_content.html.erb (0.3ms)
  Rendered static_pages/index.html.erb within layouts/application (45.3ms)
  Rendered shared/_search_modal.html.erb (0.1ms)
  Rendered shared/_main_content.html.erb (0.1ms)
  Rendered static_pages/index.html.erb within layouts/application (33.4ms)
Completed 200 OK in 84ms (Views: 72.2ms | ActiveRecord: 0.0ms)


Completed 200 OK in 103ms (Views: 98.0ms | ActiveRecord: 0.0ms)


Started GET "/assets/application.self-29782b5c6a26672c61f03bfa43f5041e220c6839664b0f10019e21bd6c3e73ef.css?body=1" for ::1 at 2020-07-22 14:37:49 +0800
Started GET "/assets/application.self-29782b5c6a26672c61f03bfa43f5041e220c6839664b0f10019e21bd6c3e73ef.css?body=1&livereload=1595399876474" for ::1 at 2020-07-22 14:37:56 +0800
Started GET "/assets/application.self-29782b5c6a26672c61f03bfa43f5041e220c6839664b0f10019e21bd6c3e73ef.css?body=1&livereload=1595399876476" for ::1 at 2020-07-22 14:37:56 +0800
Started GET "/" for 127.0.0.1 at 2020-07-22 14:37:57 +0800
Processing by StaticPagesController#index as HTML
  Rendering static_pages/index.html.erb within layouts/application
  Rendered shared/_main_nav.html.erb (0.5ms)
  Rendered shared/_masthead.html.erb (0.2ms)
  Rendered shared/_sections_nav.html.erb (0.3ms)
  Rendered shared/_search_modal.html.erb (0.2ms)
  Rendered shared/_main_content.html.erb (0.2ms)
  Rendered static_pages/index.html.erb within layouts/application (13.3ms)
Completed 200 OK in 37ms (Views: 34.7ms | ActiveRecord: 0.0ms)


Started GET "/" for ::1 at 2020-07-22 14:37:58 +0800
Started GET "/" for ::1 at 2020-07-22 14:37:58 +0800
Processing by StaticPagesController#index as HTML
Processing by StaticPagesController#index as HTML
  Rendering static_pages/index.html.erb within layouts/application
  Rendered shared/_main_nav.html.erb (0.3ms)
  Rendered shared/_masthead.html.erb (0.3ms)
  Rendering static_pages/index.html.erb within layouts/application
  Rendered shared/_sections_nav.html.erb (0.4ms)
  Rendered shared/_main_nav.html.erb (0.1ms)
  Rendered shared/_masthead.html.erb (0.0ms)
  Rendered shared/_search_modal.html.erb (0.3ms)
  Rendered shared/_sections_nav.html.erb (0.1ms)
  Rendered shared/_main_content.html.erb (0.5ms)
  Rendered static_pages/index.html.erb within layouts/application (35.4ms)
  Rendered shared/_search_modal.html.erb (0.0ms)
  Rendered shared/_main_content.html.erb (0.0ms)
  Rendered static_pages/index.html.erb within layouts/application (21.4ms)
Completed 200 OK in 63ms (Views: 58.3ms | ActiveRecord: 0.0ms)


Completed 200 OK in 81ms (Views: 76.2ms | ActiveRecord: 0.0ms)


Started GET "/assets/application.self-240cf04550f4d356b0528ae154c8126804fd3eba68fefd27966b08040221c5ee.css?body=1" for ::1 at 2020-07-22 14:37:59 +0800
Started GET "/assets/application.self-240cf04550f4d356b0528ae154c8126804fd3eba68fefd27966b08040221c5ee.css?body=1&livereload=1595399879516" for ::1 at 2020-07-22 14:37:59 +0800
Started GET "/assets/application.self-240cf04550f4d356b0528ae154c8126804fd3eba68fefd27966b08040221c5ee.css?body=1&livereload=1595399879518" for ::1 at 2020-07-22 14:37:59 +0800
Started GET "/assets/application.self-240cf04550f4d356b0528ae154c8126804fd3eba68fefd27966b08040221c5ee.css?body=1" for 127.0.0.1 at 2020-07-22 14:38:02 +0800
Started GET "/" for 127.0.0.1 at 2020-07-22 14:38:07 +0800
Processing by StaticPagesController#index as HTML
  Rendering static_pages/index.html.erb within layouts/application
  Rendered shared/_main_nav.html.erb (0.3ms)
  Rendered shared/_masthead.html.erb (0.6ms)
  Rendered shared/_sections_nav.html.erb (0.3ms)
  Rendered shared/_search_modal.html.erb (0.3ms)
  Rendered shared/_main_content.html.erb (0.2ms)
  Rendered static_pages/index.html.erb within layouts/application (16.5ms)
Completed 200 OK in 47ms (Views: 44.3ms | ActiveRecord: 0.0ms)


Started GET "/assets/application.self-240cf04550f4d356b0528ae154c8126804fd3eba68fefd27966b08040221c5ee.css?body=1&livereload=1595399897270" for ::1 at 2020-07-22 14:38:17 +0800
Started GET "/assets/application.self-240cf04550f4d356b0528ae154c8126804fd3eba68fefd27966b08040221c5ee.css?body=1&livereload=1595399897272" for ::1 at 2020-07-22 14:38:17 +0800
Started GET "/assets/application.self-240cf04550f4d356b0528ae154c8126804fd3eba68fefd27966b08040221c5ee.css?body=1&livereload=1595399904844" for ::1 at 2020-07-22 14:38:24 +0800
Started GET "/assets/application.self-240cf04550f4d356b0528ae154c8126804fd3eba68fefd27966b08040221c5ee.css?body=1&livereload=1595399904845" for ::1 at 2020-07-22 14:38:24 +0800
Started GET "/" for ::1 at 2020-07-22 14:38:28 +0800
Processing by StaticPagesController#index as HTML
  Rendering static_pages/index.html.erb within layouts/application
  Rendered shared/_main_nav.html.erb (0.3ms)
  Rendered shared/_masthead.html.erb (0.2ms)
  Rendered shared/_sections_nav.html.erb (0.3ms)
  Rendered shared/_search_modal.html.erb (0.3ms)
  Rendered shared/_main_content.html.erb (0.3ms)
  Rendered static_pages/index.html.erb within layouts/application (12.4ms)
Completed 200 OK in 39ms (Views: 36.6ms | ActiveRecord: 0.0ms)


Started GET "/assets/application.self-f63d8e5bc8b57d338625c81be29bb5a0cbaad44685e3a261f286c691ab7accc6.css?body=1" for ::1 at 2020-07-22 14:38:28 +0800
